0 info it worked if it ends with ok
1 verbose cli [ '/usr/bin/nodejs', '/usr/bin/npm', 'install', '-g', 'bower' ]
2 info using npm@2.14.12
3 info using node@v4.3.0
4 verbose install initial load of /usr/lib/package.json
5 verbose readDependencies loading dependencies from /usr/lib/package.json
6 silly cache add args [ 'bower', null ]
7 verbose cache add spec bower
8 silly cache add parsed spec Result {
8 silly cache add   raw: 'bower',
8 silly cache add   scope: null,
8 silly cache add   name: 'bower',
8 silly cache add   rawSpec: '',
8 silly cache add   spec: 'latest',
8 silly cache add   type: 'tag' }
9 silly addNamed bower@latest
10 verbose addNamed "latest" is being treated as a dist-tag for bower
11 info addNameTag [ 'bower', 'latest' ]
12 silly mapToRegistry name bower
13 silly mapToRegistry using default registry
14 silly mapToRegistry registry https://registry.npmjs.org/
15 silly mapToRegistry uri https://registry.npmjs.org/bower
16 verbose addNameTag registry:https://registry.npmjs.org/bower not in flight; fetching
17 verbose request uri https://registry.npmjs.org/bower
18 verbose request no auth needed
19 info attempt registry request try #1 at 13:27:58
20 verbose request id cdf7d9d6b4462e51
21 verbose etag "CYU7JDWGYQ3M2SE9EY6GOBU8J"
22 http request GET https://registry.npmjs.org/bower
23 http 200 https://registry.npmjs.org/bower
24 verbose headers { server: 'CouchDB/1.6.1 (Erlang OTP/R16B03)',
24 verbose headers   etag: '"DAFA6DH1DFZ44HGODT1YZ4KIH"',
24 verbose headers   'content-type': 'application/json',
24 verbose headers   'content-encoding': 'gzip',
24 verbose headers   'cache-control': 'max-age=300',
24 verbose headers   'content-length': '20490',
24 verbose headers   'accept-ranges': 'bytes',
24 verbose headers   date: 'Wed, 06 Jul 2016 17:28:01 GMT',
24 verbose headers   via: '1.1 varnish',
24 verbose headers   age: '43',
24 verbose headers   connection: 'keep-alive',
24 verbose headers   'x-served-by': 'cache-iad2125-IAD',
24 verbose headers   'x-cache': 'HIT',
24 verbose headers   'x-cache-hits': '1',
24 verbose headers   'x-timer': 'S1467826081.759798,VS0,VE0',
24 verbose headers   vary: 'Accept-Encoding' }
25 silly get cb [ 200,
25 silly get   { server: 'CouchDB/1.6.1 (Erlang OTP/R16B03)',
25 silly get     etag: '"DAFA6DH1DFZ44HGODT1YZ4KIH"',
25 silly get     'content-type': 'application/json',
25 silly get     'content-encoding': 'gzip',
25 silly get     'cache-control': 'max-age=300',
25 silly get     'content-length': '20490',
25 silly get     'accept-ranges': 'bytes',
25 silly get     date: 'Wed, 06 Jul 2016 17:28:01 GMT',
25 silly get     via: '1.1 varnish',
25 silly get     age: '43',
25 silly get     connection: 'keep-alive',
25 silly get     'x-served-by': 'cache-iad2125-IAD',
25 silly get     'x-cache': 'HIT',
25 silly get     'x-cache-hits': '1',
25 silly get     'x-timer': 'S1467826081.759798,VS0,VE0',
25 silly get     vary: 'Accept-Encoding' } ]
26 verbose get saving bower to /home/nestor/.npm/registry.npmjs.org/bower/.cache.json
27 silly addNameTag next cb for bower with tag latest
28 silly addNamed bower@1.7.9
29 verbose addNamed "1.7.9" is a plain semver version for bower
30 silly cache afterAdd bower@1.7.9
31 verbose afterAdd /home/nestor/.npm/bower/1.7.9/package/package.json not in flight; writing
32 verbose afterAdd /home/nestor/.npm/bower/1.7.9/package/package.json written
33 silly install resolved [ { name: 'bower',
33 silly install resolved     version: '1.7.9',
33 silly install resolved     description: 'The browser package manager',
33 silly install resolved     author: { name: 'Twitter' },
33 silly install resolved     license: 'MIT',
33 silly install resolved     repository: { type: 'git', url: 'git+https://github.com/bower/bower.git' },
33 silly install resolved     main: 'lib',
33 silly install resolved     bin: { bower: 'bin/bower' },
33 silly install resolved     homepage: 'http://bower.io',
33 silly install resolved     engines: { node: '>=0.10.0' },
33 silly install resolved     keywords: [ 'bower' ],
33 silly install resolved     files: [ 'bin', 'lib' ],
33 silly install resolved     bugs: { url: 'https://github.com/bower/bower/issues' },
33 silly install resolved     _id: 'bower@1.7.9',
33 silly install resolved     scripts: {},
33 silly install resolved     _shasum: 'b7296c2393e0d75edaa6ca39648132dd255812b0',
33 silly install resolved     _from: 'bower@latest',
33 silly install resolved     _npmVersion: '3.7.3',
33 silly install resolved     _nodeVersion: '5.9.0',
33 silly install resolved     _npmUser: { name: 'sheerun', email: 'sheerun@sher.pl' },
33 silly install resolved     dist:
33 silly install resolved      { shasum: 'b7296c2393e0d75edaa6ca39648132dd255812b0',
33 silly install resolved        tarball: 'https://registry.npmjs.org/bower/-/bower-1.7.9.tgz' },
33 silly install resolved     maintainers:
33 silly install resolved      [ [Object],
33 silly install resolved        [Object],
33 silly install resolved        [Object],
33 silly install resolved        [Object],
33 silly install resolved        [Object],
33 silly install resolved        [Object],
33 silly install resolved        [Object] ],
33 silly install resolved     _npmOperationalInternal:
33 silly install resolved      { host: 'packages-12-west.internal.npmjs.com',
33 silly install resolved        tmp: 'tmp/bower-1.7.9.tgz_1459857239351_0.9720134933013469' },
33 silly install resolved     directories: {},
33 silly install resolved     _resolved: 'https://registry.npmjs.org/bower/-/bower-1.7.9.tgz',
33 silly install resolved     readme: 'ERROR: No README data found!' } ]
34 info install bower@1.7.9 into /usr/lib
35 info installOne bower@1.7.9
36 verbose installOne of bower to /usr/lib not in flight; installing
37 verbose lock using /home/nestor/.npm/_locks/bower-f46d670cb56ecd4d.lock for /usr/lib/node_modules/bower
38 silly install write writing bower 1.7.9 to /usr/lib/node_modules/bower
39 verbose unbuild lib/node_modules/bower
40 info preuninstall bower@1.7.9
41 info uninstall bower@1.7.9
42 verbose unbuild rmStuff bower@1.7.9 from /usr/lib/node_modules
43 silly gentlyRm /usr/bin/bower is being gently removed
44 silly gentlyRm verifying /usr is an npm working directory
45 silly gentlyRm containing path /usr is under npm's control, in /usr
46 silly gentlyRm deletion target /usr/bin/bower is under /usr
47 verbose gentlyRm vacuuming from /usr/bin/bower up to /usr
48 silly vacuum-fs removing /usr/bin/bower
49 verbose unlock done using /home/nestor/.npm/_locks/bower-f46d670cb56ecd4d.lock for /usr/lib/node_modules/bower
50 verbose stack Error: EACCES: permission denied, unlink '/usr/bin/bower'
50 verbose stack     at Error (native)
51 verbose cwd /var/www/html/FindnessApp
52 error Linux 3.19.0-25-generic
53 error argv "/usr/bin/nodejs" "/usr/bin/npm" "install" "-g" "bower"
54 error node v4.3.0
55 error npm  v2.14.12
56 error path /usr/bin/bower
57 error code EACCES
58 error errno -13
59 error syscall unlink
60 error Error: EACCES: permission denied, unlink '/usr/bin/bower'
60 error     at Error (native)
60 error  { [Error: EACCES: permission denied, unlink '/usr/bin/bower']
60 error   errno: -13,
60 error   code: 'EACCES',
60 error   syscall: 'unlink',
60 error   path: '/usr/bin/bower' }
61 error Please try running this command again as root/Administrator.
62 verbose exit [ -13, true ]
63 verbose unbuild lib/node_modules/bower
64 info preuninstall bower@1.7.9
65 info uninstall bower@1.7.9
66 verbose unbuild rmStuff bower@1.7.9 from /usr/lib/node_modules
67 silly gentlyRm /usr/bin/bower is being gently removed
68 silly gentlyRm verifying /usr is an npm working directory
69 silly gentlyRm containing path /usr is under npm's control, in /usr
70 silly gentlyRm deletion target /usr/bin/bower is under /usr
71 verbose gentlyRm vacuuming from /usr/bin/bower up to /usr
72 silly vacuum-fs removing /usr/bin/bower
73 error error rolling back Error: EACCES: permission denied, unlink '/usr/bin/bower'
73 error error rolling back     at Error (native)
73 error error rolling back  { [Error: EACCES: permission denied, unlink '/usr/bin/bower']
73 error error rolling back   errno: -13,
73 error error rolling back   code: 'EACCES',
73 error error rolling back   syscall: 'unlink',
73 error error rolling back   path: '/usr/bin/bower' }
